#
# A fatal error has been detected by the Java Runtime Environment:
#
#  Internal Error (javaClasses.cpp:129), pid=6072, tid=4656
#  fatal error: Invalid layout of preloaded class
#
# JRE version: 7.0_21-b11
# Java VM: Java HotSpot(TM) Client VM (23.21-b01 mixed mode windows-x86 )
# Failed to write core dump. Minidumps are not enabled by default on client versions of Windows
#
# If you would like to submit a bug report, please visit:
#   http://bugreport.sun.com/bugreport/crash.jsp
#

---------------  T H R E A D  ---------------

Current thread (0x017ab400):  JavaThread "Unknown thread" [_thread_in_vm, id=4656, stack(0x01640000,0x01690000)]

Stack: [0x01640000,0x01690000],  sp=0x0168f318,  free space=316k
Native frames: (J=compiled Java code, j=interpreted, Vv=VM code, C=native code)
V  [jvm.dll+0x170511]
V  [jvm.dll+0x16a6b6]
V  [jvm.dll+0x2082f]
V  [jvm.dll+0x208b6]
V  [jvm.dll+0x2e5dd]
V  [jvm.dll+0x2e889]
V  [jvm.dll+0x77bd1]
V  [jvm.dll+0x77f8b]
V  [jvm.dll+0x12a1b1]
V  [jvm.dll+0x14ac6a]
V  [jvm.dll+0xa9eef]
C  [javaw.exe+0x13ca]
C  [javaw.exe+0x1e3c]
C  [javaw.exe+0xa5b1]
C  [javaw.exe+0xa63b]
C  [kernel32.dll+0x51154]  BaseThreadInitThunk+0x12
C  [ntdll.dll+0x5b299]  RtlInitializeExceptionChain+0x63
C  [ntdll.dll+0x5b26c]  RtlInitializeExceptionChain+0x36


---------------  P R O C E S S  ---------------

Java Threads: ( => current thread )

Other Threads:

=>0x017ab400 (exited) JavaThread "Unknown thread" [_thread_in_vm, id=4656, stack(0x01640000,0x01690000)]

VM state:not at safepoint (not fully initialized)

VM Mutex/Monitor currently owned by a thread: None

GC Heap History (0 events):
No events

Deoptimization events (0 events):
No events

Internal exceptions (0 events):
No events

Events (10 events):
Event: 0.013 loading class 0x016b3820 done
Event: 0.014 loading class 0x017afa68 done
Event: 0.014 loading class 0x017afa40
Event: 0.014 loading class 0x0171c618
Event: 0.014 loading class 0x0171c618 done
Event: 0.014 loading class 0x0171c650
Event: 0.014 loading class 0x0171c650 done
Event: 0.014 loading class 0x01711818
Event: 0.014 loading class 0x01711818 done
Event: 0.014 loading class 0x017afa40 done


Dynamic libraries:
0x00080000 - 0x000af000 	C:\Program Files\Java\jre7\bin\javaw.exe
0x77d50000 - 0x77e8c000 	C:\Windows\SYSTEM32\ntdll.dll
0x76e50000 - 0x76f24000 	C:\Windows\system32\kernel32.dll
0x76190000 - 0x761db000 	C:\Windows\system32\KERNELBASE.dll
0x76d60000 - 0x76e00000 	C:\Windows\system32\ADVAPI32.dll
0x76f30000 - 0x76fdc000 	C:\Windows\system32\msvcrt.dll
0x77ed0000 - 0x77ee9000 	C:\Windows\SYSTEM32\sechost.dll
0x76cb0000 - 0x76d51000 	C:\Windows\system32\RPCRT4.dll
0x76970000 - 0x76a39000 	C:\Windows\system32\USER32.dll
0x76c60000 - 0x76cae000 	C:\Windows\system32\GDI32.dll
0x76e00000 - 0x76e0a000 	C:\Windows\system32\LPK.dll
0x76500000 - 0x7659d000 	C:\Windows\system32\USP10.dll
0x74ba0000 - 0x74d3e000 	C:\Windows\WinSxS\x86_microsoft.windows.common-controls_6595b64144ccf1df_6.0.7600.16661_none_420fe3fa2b8113bd\COMCTL32.dll
0x76910000 - 0x76967000 	C:\Windows\system32\SHLWAPI.dll
0x76e20000 - 0x76e3f000 	C:\Windows\system32\IMM32.DLL
0x763a0000 - 0x7646c000 	C:\Windows\system32\MSCTF.dll
0x5caa0000 - 0x5cb5e000 	C:\Program Files\Java\jre7\bin\msvcr100.dll
0x5a610000 - 0x5a95f000 	C:\Program Files\Java\jre7\bin\client\jvm.dll
0x6fea0000 - 0x6fea7000 	C:\Windows\system32\WSOCK32.dll
0x77e90000 - 0x77ec5000 	C:\Windows\system32\WS2_32.dll
0x77f70000 - 0x77f76000 	C:\Windows\system32\NSI.dll
0x71a70000 - 0x71aa2000 	C:\Windows\system32\WINMM.dll
0x76e40000 - 0x76e45000 	C:\Windows\system32\PSAPI.DLL
0x71000000 - 0x7100c000 	C:\Program Files\Java\jre7\bin\verify.dll
0x6abd0000 - 0x6abf0000 	C:\Program Files\Java\jre7\bin\java.dll
0x6abb0000 - 0x6abc3000 	C:\Program Files\Java\jre7\bin\zip.dll
0x731f0000 - 0x732db000 	C:\Windows\system32\dbghelp.dll

VM Arguments:
jvm_args: -Dfile.encoding=Cp1252 -Xbootclasspath:D:\Android\adt-bundle-windows-x86-20130729\sdk\platforms\android-13\android.jar 
java_command: MainActivity.java
Launcher Type: SUN_STANDARD

Environment Variables:
PATH=C:/Program Files/Java/jre7/bin/client;C:/Program Files/Java/jre7/bin;C:/Program Files/Java/jre7/lib/i386;C:\Program Files\Common Files\Microsoft Shared\Windows Live;C:\Windows\system32;C:\Windows;C:\Windows\System32\Wbem;C:\Windows\System32\WindowsPowerShell\v1.0\;C:\Program Files\WIDCOMM\Bluetooth Software\;C:\Program Files\Broadcom\Broadcom 802.11 Network Adapter\Driver;C:\Program Files\Windows Live\Shared;C:\Program Files\MATLAB1\R2013a\runtime\win32;C:\Program Files\MATLAB1\R2013a\bin;C:\Android\adt-bundle-windows-x86-20130729\sdk\tools;C:\VeriBest\vbvhdl\BIN;c:\altera\10.1\modelsim_ase\win32aloem;D:\Programas\eclipse;
USERNAME=Fabrizio
OS=Windows_NT
PROCESSOR_IDENTIFIER=x86 Family 6 Model 42 Stepping 7, GenuineIntel



---------------  S Y S T E M  ---------------

OS: Windows 7 Build 7600 

CPU:total 4 (2 cores per cpu, 2 threads per core) family 6 model 42 stepping 7, cmov, cx8, fxsr, mmx, sse, sse2, sse3, ssse3, sse4.1, sse4.2, popcnt, ht, tsc, tscinvbit

Memory: 4k page, physical 3051056k(1493444k free), swap 6100348k(3763528k free)

vm_info: Java HotSpot(TM) Client VM (23.21-b01) for windows-x86 JRE (1.7.0_21-b11), built on Apr  4 2013 04:43:10 by "java_re" with unknown MS VC++:1600

time: Thu Jun 12 23:15:00 2014
elapsed time: 0 seconds

